# JRE version: Java(TM) SE Runtime Environment (8.0_141-b15) (build 1.8.0_141-b15)
# Java VM: Java HotSpot(TM) 64-Bit Server VM (25.141-b15 mixed mode solaris-amd64 compressed oops)
Heap:
 PSYoungGen      total 186368K, used 10240K [0x000000076b200000, 0x000000077c600000, 0x00000007c0000000)
  eden space 176128K, 0% used [0x000000076b200000,0x000000076b200000,0x0000000775e00000)
  from space 10240K, 100% used [0x000000077b200000,0x000000077bc00000,0x000000077bc00000)
  to   space 10240K, 0% used [0x000000077bc00000,0x000000077bc00000,0x000000077c600000)
 ParOldGen       total 655360K, used 489817K [0x00000006c1600000, 0x00000006e9600000, 0x000000076b200000)
  object space 655360K, 74% used [0x00000006c1600000,0x00000006df4567c8,0x00000006e9600000)
 Metaspace       used 8044K, capacity 8262K, committed 8320K, reserved 1056768K
  class space    used 827K, capacity 893K, committed 896K, reserved 1048576K
GC Heap History (10 events):
Event: 5,561 GC heap after
Heap after GC invocations=2 (full 0):
 PSYoungGen      total 141312K, used 10236K [0x000000076b200000, 0x0000000774600000, 0x00000007c0000000)
  eden space 131072K, 0% used [0x000000076b200000,0x000000076b200000,0x0000000773200000)
  from space 10240K, 99% used [0x0000000773c00000,0x00000007745ff130,0x0000000774600000)
  to   space 10240K, 0% used [0x0000000773200000,0x0000000773200000,0x0000000773c00000)
 ParOldGen       total 176128K, used 83854K [0x00000006c1600000, 0x00000006cc200000, 0x000000076b200000)
  object space 176128K, 47% used [0x00000006c1600000,0x00000006c67e3988,0x00000006cc200000)
 Metaspace       used 8040K, capacity 8262K, committed 8320K, reserved 1056768K
  class space    used 827K, capacity 893K, committed 896K, reserved 1048576K
}
Event: 6,828 GC heap before
{Heap before GC invocations=3 (full 0):
 PSYoungGen      total 141312K, used 141308K [0x000000076b200000, 0x0000000774600000, 0x00000007c0000000)
  eden space 131072K, 100% used [0x000000076b200000,0x0000000773200000,0x0000000773200000)
  from space 10240K, 99% used [0x0000000773c00000,0x00000007745ff130,0x0000000774600000)
  to   space 10240K, 0% used [0x0000000773200000,0x0000000773200000,0x0000000773c00000)
 ParOldGen       total 176128K, used 83854K [0x00000006c1600000, 0x00000006cc200000, 0x000000076b200000)
  object space 176128K, 47% used [0x00000006c1600000,0x00000006c67e3988,0x00000006cc200000)
 Metaspace       used 8044K, capacity 8262K, committed 8320K, reserved 1056768K
  class space    used 827K, capacity 893K, committed 896K, reserved 1048576K
Event: 7,077 GC heap after
Heap after GC invocations=3 (full 0):
 PSYoungGen      total 141312K, used 10224K [0x000000076b200000, 0x000000077c600000, 0x00000007c0000000)
  eden space 131072K, 0% used [0x000000076b200000,0x000000076b200000,0x0000000773200000)
  from space 10240K, 99% used [0x0000000773200000,0x0000000773bfc140,0x0000000773c00000)
  to   space 10240K, 0% used [0x000000077bc00000,0x000000077bc00000,0x000000077c600000)
 ParOldGen       total 204800K, used 194993K [0x00000006c1600000, 0x00000006cde00000, 0x000000076b200000)
  object space 204800K, 95% used [0x00000006c1600000,0x00000006cd46c590,0x00000006cde00000)
 Metaspace       used 8044K, capacity 8262K, committed 8320K, reserved 1056768K
  class space    used 827K, capacity 893K, committed 896K, reserved 1048576K
}
Event: 7,078 GC heap before
{Heap before GC invocations=4 (full 1):
 PSYoungGen      total 141312K, used 10224K [0x000000076b200000, 0x000000077c600000, 0x00000007c0000000)
  eden space 131072K, 0% used [0x000000076b200000,0x000000076b200000,0x0000000773200000)
  from space 10240K, 99% used [0x0000000773200000,0x0000000773bfc140,0x0000000773c00000)
  to   space 10240K, 0% used [0x000000077bc00000,0x000000077bc00000,0x000000077c600000)
 ParOldGen       total 204800K, used 194993K [0x00000006c1600000, 0x00000006cde00000, 0x000000076b200000)
  object space 204800K, 95% used [0x00000006c1600000,0x00000006cd46c590,0x00000006cde00000)
 Metaspace       used 8044K, capacity 8262K, committed 8320K, reserved 1056768K
  class space    used 827K, capacity 893K, committed 896K, reserved 1048576K
Event: 9,392 GC heap after
Heap after GC invocations=4 (full 1):
 PSYoungGen      total 141312K, used 0K [0x000000076b200000, 0x000000077c600000, 0x00000007c0000000)
  eden space 131072K, 0% used [0x000000076b200000,0x000000076b200000,0x0000000773200000)
  from space 10240K, 0% used [0x0000000773200000,0x0000000773200000,0x0000000773c00000)
  to   space 10240K, 0% used [0x000000077bc00000,0x000000077bc00000,0x000000077c600000)
 ParOldGen       total 438272K, used 203613K [0x00000006c1600000, 0x00000006dc200000, 0x000000076b200000)
  object space 438272K, 46% used [0x00000006c1600000,0x00000006cdcd7530,0x00000006dc200000)
 Metaspace       used 8044K, capacity 8262K, committed 8320K, reserved 1056768K
  class space    used 827K, capacity 893K, committed 896K, reserved 1048576K
}
Event: 10,243 GC heap before
{Heap before GC invocations=5 (full 1):
 PSYoungGen      total 141312K, used 125452K [0x000000076b200000, 0x000000077c600000, 0x00000007c0000000)
  eden space 131072K, 95% used [0x000000076b200000,0x0000000772c833d0,0x0000000773200000)
  from space 10240K, 0% used [0x0000000773200000,0x0000000773200000,0x0000000773c00000)
  to   space 10240K, 0% used [0x000000077bc00000,0x000000077bc00000,0x000000077c600000)
 ParOldGen       total 438272K, used 203613K [0x00000006c1600000, 0x00000006dc200000, 0x000000076b200000)
  object space 438272K, 46% used [0x00000006c1600000,0x00000006cdcd7530,0x00000006dc200000)
 Metaspace       used 8044K, capacity 8262K, committed 8320K, reserved 1056768K
  class space    used 827K, capacity 893K, committed 896K, reserved 1048576K
Event: 10,510 GC heap after
Heap after GC invocations=5 (full 1):
 PSYoungGen      total 186368K, used 10240K [0x000000076b200000, 0x000000077c600000, 0x00000007c0000000)
  eden space 176128K, 0% used [0x000000076b200000,0x000000076b200000,0x0000000775e00000)
  from space 10240K, 100% used [0x000000077bc00000,0x000000077c600000,0x000000077c600000)
  to   space 10240K, 0% used [0x000000077b200000,0x000000077b200000,0x000000077bc00000)
 ParOldGen       total 438272K, used 324054K [0x00000006c1600000, 0x00000006dc200000, 0x000000076b200000)
  object space 438272K, 73% used [0x00000006c1600000,0x00000006d5275930,0x00000006dc200000)
 Metaspace       used 8044K, capacity 8262K, committed 8320K, reserved 1056768K
  class space    used 827K, capacity 893K, committed 896K, reserved 1048576K
}
Event: 10,510 GC heap before
{Heap before GC invocations=6 (full 2):
 PSYoungGen      total 186368K, used 10240K [0x000000076b200000, 0x000000077c600000, 0x00000007c0000000)
  eden space 176128K, 0% used [0x000000076b200000,0x000000076b200000,0x0000000775e00000)
  from space 10240K, 100% used [0x000000077bc00000,0x000000077c600000,0x000000077c600000)
  to   space 10240K, 0% used [0x000000077b200000,0x000000077b200000,0x000000077bc00000)
 ParOldGen       total 438272K, used 324054K [0x00000006c1600000, 0x00000006dc200000, 0x000000076b200000)
  object space 438272K, 73% used [0x00000006c1600000,0x00000006d5275930,0x00000006dc200000)
 Metaspace       used 8044K, capacity 8262K, committed 8320K, reserved 1056768K
  class space    used 827K, capacity 893K, committed 896K, reserved 1048576K
Event: 12,570 GC heap after
Heap after GC invocations=6 (full 2):
 PSYoungGen      total 186368K, used 0K [0x000000076b200000, 0x000000077c600000, 0x00000007c0000000)
  eden space 176128K, 0% used [0x000000076b200000,0x000000076b200000,0x0000000775e00000)
  from space 10240K, 0% used [0x000000077bc00000,0x000000077bc00000,0x000000077c600000)
  to   space 10240K, 0% used [0x000000077b200000,0x000000077b200000,0x000000077bc00000)
 ParOldGen       total 655360K, used 307184K [0x00000006c1600000, 0x00000006e9600000, 0x000000076b200000)
  object space 655360K, 46% used [0x00000006c1600000,0x00000006d41fc1e8,0x00000006e9600000)
 Metaspace       used 8044K, capacity 8262K, committed 8320K, reserved 1056768K
  class space    used 827K, capacity 893K, committed 896K, reserved 1048576K
}
Event: 13,844 GC heap before
{Heap before GC invocations=7 (full 2):
 PSYoungGen      total 186368K, used 175851K [0x000000076b200000, 0x000000077c600000, 0x00000007c0000000)
  eden space 176128K, 99% used [0x000000076b200000,0x0000000775dbade8,0x0000000775e00000)
  from space 10240K, 0% used [0x000000077bc00000,0x000000077bc00000,0x000000077c600000)
  to   space 10240K, 0% used [0x000000077b200000,0x000000077b200000,0x000000077bc00000)
 ParOldGen       total 655360K, used 307184K [0x00000006c1600000, 0x00000006e9600000, 0x000000076b200000)
  object space 655360K, 46% used [0x00000006c1600000,0x00000006d41fc1e8,0x00000006e9600000)
 Metaspace       used 8044K, capacity 8262K, committed 8320K, reserved 1056768K
  class space    used 827K, capacity 893K, committed 896K, reserved 1048576K

